GL_LOG_FILE log. local time Tue Aug 16 10:46:48 2016
build version: Aug 16 2016 10:41:18

starting GLFW
3.2.0 Win32 WGL EGL MinGW
renderer: GeForce GTX 980 Ti/PCIe/SSE2
version: 4.5.0 NVIDIA 368.81
GL Context Params:
GL_MAX_COMBINED_TEXTURE_IMAGE_UNITS 192
GL_MAX_CUBE_MAP_TEXTURE_SIZE 16384
GL_MAX_DRAW_BUFFERS 8
GL_MAX_FRAGMENT_UNIFORM_COMPONENTS 4096
GL_MAX_TEXTURE_IMAGE_UNITS 32
GL_MAX_TEXTURE_SIZE 16384
GL_MAX_VARYING_FLOATS 124
GL_MAX_VERTEX_ATTRIBS 16
GL_MAX_VERTEX_TEXTURE_IMAGE_UNITS 32
GL_MAX_VERTEX_UNIFORM_COMPONENTS 4096
GL_MAX_VIEWPORT_DIMS 16384 16384
GL_STEREO 0
-----------------------------
